  Source.cpp
D:\TAI_LIEU\ET-E9\Program\20231\Ky_thuat_lap_trinh_C_Cpp\TICTACTOE\Attempt_4\SDL_TICTACTOE\Source.cpp(26,18): warning C4244: 'initializing': conversion from 'int' to 'float', possible loss of data
D:\TAI_LIEU\ET-E9\Program\20231\Ky_thuat_lap_trinh_C_Cpp\TICTACTOE\Attempt_4\SDL_TICTACTOE\Source.cpp(27,19): warning C4244: 'initializing': conversion from 'int' to 'float', possible loss of data
D:\TAI_LIEU\ET-E9\Program\20231\Ky_thuat_lap_trinh_C_Cpp\TICTACTOE\Attempt_4\SDL_TICTACTOE\Source.cpp(41,28): warning C4244: '=': conversion from 'int' to 'float', possible loss of data
D:\TAI_LIEU\ET-E9\Program\20231\Ky_thuat_lap_trinh_C_Cpp\TICTACTOE\Attempt_4\SDL_TICTACTOE\Source.cpp(42,30): warning C4244: '=': conversion from 'int' to 'float', possible loss of data
D:\TAI_LIEU\ET-E9\Program\20231\Ky_thuat_lap_trinh_C_Cpp\TICTACTOE\Attempt_4\SDL_TICTACTOE\Source.cpp(375,13): warning C4244: 'argument': conversion from 'double' to 'Sint16', possible loss of data
D:\TAI_LIEU\ET-E9\Program\20231\Ky_thuat_lap_trinh_C_Cpp\TICTACTOE\Attempt_4\SDL_TICTACTOE\Source.cpp(374,13): warning C4244: 'argument': conversion from 'double' to 'Sint16', possible loss of data
D:\TAI_LIEU\ET-E9\Program\20231\Ky_thuat_lap_trinh_C_Cpp\TICTACTOE\Attempt_4\SDL_TICTACTOE\Source.cpp(373,13): warning C4244: 'argument': conversion from 'double' to 'Sint16', possible loss of data
D:\TAI_LIEU\ET-E9\Program\20231\Ky_thuat_lap_trinh_C_Cpp\TICTACTOE\Attempt_4\SDL_TICTACTOE\Source.cpp(372,13): warning C4244: 'argument': conversion from 'double' to 'Sint16', possible loss of data
D:\TAI_LIEU\ET-E9\Program\20231\Ky_thuat_lap_trinh_C_Cpp\TICTACTOE\Attempt_4\SDL_TICTACTOE\Source.cpp(382,13): warning C4244: 'argument': conversion from 'double' to 'Sint16', possible loss of data
D:\TAI_LIEU\ET-E9\Program\20231\Ky_thuat_lap_trinh_C_Cpp\TICTACTOE\Attempt_4\SDL_TICTACTOE\Source.cpp(381,13): warning C4244: 'argument': conversion from 'double' to 'Sint16', possible loss of data
D:\TAI_LIEU\ET-E9\Program\20231\Ky_thuat_lap_trinh_C_Cpp\TICTACTOE\Attempt_4\SDL_TICTACTOE\Source.cpp(380,13): warning C4244: 'argument': conversion from 'double' to 'Sint16', possible loss of data
D:\TAI_LIEU\ET-E9\Program\20231\Ky_thuat_lap_trinh_C_Cpp\TICTACTOE\Attempt_4\SDL_TICTACTOE\Source.cpp(379,13): warning C4244: 'argument': conversion from 'double' to 'Sint16', possible loss of data
D:\TAI_LIEU\ET-E9\Program\20231\Ky_thuat_lap_trinh_C_Cpp\TICTACTOE\Attempt_4\SDL_TICTACTOE\Source.cpp(391,38): warning C4244: 'argument': conversion from 'double' to 'Sint16', possible loss of data
D:\TAI_LIEU\ET-E9\Program\20231\Ky_thuat_lap_trinh_C_Cpp\TICTACTOE\Attempt_4\SDL_TICTACTOE\Source.cpp(391,14): warning C4244: 'argument': conversion from 'const double' to 'Sint16', possible loss of data
D:\TAI_LIEU\ET-E9\Program\20231\Ky_thuat_lap_trinh_C_Cpp\TICTACTOE\Attempt_4\SDL_TICTACTOE\Source.cpp(391,4): warning C4244: 'argument': conversion from 'const double' to 'Sint16', possible loss of data
D:\TAI_LIEU\ET-E9\Program\20231\Ky_thuat_lap_trinh_C_Cpp\TICTACTOE\Attempt_4\SDL_TICTACTOE\Source.cpp(394,38): warning C4244: 'argument': conversion from 'double' to 'Sint16', possible loss of data
D:\TAI_LIEU\ET-E9\Program\20231\Ky_thuat_lap_trinh_C_Cpp\TICTACTOE\Attempt_4\SDL_TICTACTOE\Source.cpp(394,14): warning C4244: 'argument': conversion from 'const double' to 'Sint16', possible loss of data
D:\TAI_LIEU\ET-E9\Program\20231\Ky_thuat_lap_trinh_C_Cpp\TICTACTOE\Attempt_4\SDL_TICTACTOE\Source.cpp(394,4): warning C4244: 'argument': conversion from 'const double' to 'Sint16', possible loss of data
  SDL_TICTACTOE.vcxproj -> D:\TAI_LIEU\ET-E9\Program\20231\Ky_thuat_lap_trinh_C_Cpp\TICTACTOE\Attempt_4\SDL_TICTACTOE\x64\Debug\SDL_TICTACTOE.exe
