d:\tai_lieu\et-e9\program\20231\ky_thuat_lap_trinh_c_cpp\tictactoe\attempt_3\sdl_tictactoe\x64\debug\vc143.pdb
d:\tai_lieu\et-e9\program\20231\ky_thuat_lap_trinh_c_cpp\tictactoe\attempt_3\sdl_tictactoe\x64\debug\vc143.idb
d:\tai_lieu\et-e9\program\20231\ky_thuat_lap_trinh_c_cpp\tictactoe\attempt_3\sdl_tictactoe\x64\debug\source.obj
d:\tai_lieu\et-e9\program\20231\ky_thuat_lap_trinh_c_cpp\tictactoe\attempt_3\sdl_tictactoe\x64\debug\sdl_tictactoe.pdb
d:\tai_lieu\et-e9\program\20231\ky_thuat_lap_trinh_c_cpp\tictactoe\attempt_3\sdl_tictactoe\x64\debug\sdl_tictactoe.tlog\cl.command.1.tlog
d:\tai_lieu\et-e9\program\20231\ky_thuat_lap_trinh_c_cpp\tictactoe\attempt_3\sdl_tictactoe\x64\debug\sdl_tictactoe.tlog\cl.items.tlog
d:\tai_lieu\et-e9\program\20231\ky_thuat_lap_trinh_c_cpp\tictactoe\attempt_3\sdl_tictactoe\x64\debug\sdl_tictactoe.tlog\cl.read.1.tlog
d:\tai_lieu\et-e9\program\20231\ky_thuat_lap_trinh_c_cpp\tictactoe\attempt_3\sdl_tictactoe\x64\debug\sdl_tictactoe.tlog\cl.write.1.tlog
d:\tai_lieu\et-e9\program\20231\ky_thuat_lap_trinh_c_cpp\tictactoe\attempt_3\sdl_tictactoe\x64\debug\sdl_tictactoe.tlog\link-cvtres.read.1.tlog
d:\tai_lieu\et-e9\program\20231\ky_thuat_lap_trinh_c_cpp\tictactoe\attempt_3\sdl_tictactoe\x64\debug\sdl_tictactoe.tlog\link-cvtres.write.1.tlog
d:\tai_lieu\et-e9\program\20231\ky_thuat_lap_trinh_c_cpp\tictactoe\attempt_3\sdl_tictactoe\x64\debug\sdl_tictactoe.tlog\link-rc.read.1.tlog
d:\tai_lieu\et-e9\program\20231\ky_thuat_lap_trinh_c_cpp\tictactoe\attempt_3\sdl_tictactoe\x64\debug\sdl_tictactoe.tlog\link-rc.write.1.tlog
d:\tai_lieu\et-e9\program\20231\ky_thuat_lap_trinh_c_cpp\tictactoe\attempt_3\sdl_tictactoe\x64\debug\sdl_tictactoe.tlog\link.29384-cvtres.read.1.tlog
d:\tai_lieu\et-e9\program\20231\ky_thuat_lap_trinh_c_cpp\tictactoe\attempt_3\sdl_tictactoe\x64\debug\sdl_tictactoe.tlog\link.29384-cvtres.write.1.tlog
d:\tai_lieu\et-e9\program\20231\ky_thuat_lap_trinh_c_cpp\tictactoe\attempt_3\sdl_tictactoe\x64\debug\sdl_tictactoe.tlog\link.29384-rc.read.1.tlog
d:\tai_lieu\et-e9\program\20231\ky_thuat_lap_trinh_c_cpp\tictactoe\attempt_3\sdl_tictactoe\x64\debug\sdl_tictactoe.tlog\link.29384-rc.write.1.tlog
d:\tai_lieu\et-e9\program\20231\ky_thuat_lap_trinh_c_cpp\tictactoe\attempt_3\sdl_tictactoe\x64\debug\sdl_tictactoe.tlog\link.29384.read.1.tlog
d:\tai_lieu\et-e9\program\20231\ky_thuat_lap_trinh_c_cpp\tictactoe\attempt_3\sdl_tictactoe\x64\debug\sdl_tictactoe.tlog\link.29384.read.2.tlog
d:\tai_lieu\et-e9\program\20231\ky_thuat_lap_trinh_c_cpp\tictactoe\attempt_3\sdl_tictactoe\x64\debug\sdl_tictactoe.tlog\link.29384.write.1.tlog
d:\tai_lieu\et-e9\program\20231\ky_thuat_lap_trinh_c_cpp\tictactoe\attempt_3\sdl_tictactoe\x64\debug\sdl_tictactoe.tlog\link.command.1.tlog
d:\tai_lieu\et-e9\program\20231\ky_thuat_lap_trinh_c_cpp\tictactoe\attempt_3\sdl_tictactoe\x64\debug\sdl_tictactoe.tlog\link.read.1.tlog
d:\tai_lieu\et-e9\program\20231\ky_thuat_lap_trinh_c_cpp\tictactoe\attempt_3\sdl_tictactoe\x64\debug\sdl_tictactoe.tlog\link.read.2.tlog
d:\tai_lieu\et-e9\program\20231\ky_thuat_lap_trinh_c_cpp\tictactoe\attempt_3\sdl_tictactoe\x64\debug\sdl_tictactoe.tlog\link.write.1.tlog
